7/21/2018 5:09:54 PM
 
Log
track
UnityEngine.Debug:Log(Object)
Car:OnCollisionEnter(Collision) (at Assets/_SCRIPTS/Car.cs:189)

Log
Exit: track
UnityEngine.Debug:Log(Object)
Car:OnCollisionExit(Collision) (at Assets/_SCRIPTS/Car.cs:197)

Log
track
UnityEngine.Debug:Log(Object)
Car:OnCollisionEnter(Collision) (at Assets/_SCRIPTS/Car.cs:189)

Log
Exit: track
UnityEngine.Debug:Log(Object)
Car:OnCollisionExit(Collision) (at Assets/_SCRIPTS/Car.cs:197)

Log
track
UnityEngine.Debug:Log(Object)
Car:OnCollisionEnter(Collision) (at Assets/_SCRIPTS/Car.cs:189)

Log
Exit: track
UnityEngine.Debug:Log(Object)
Car:OnCollisionExit(Collision) (at Assets/_SCRIPTS/Car.cs:197)

Log
track
UnityEngine.Debug:Log(Object)
Car:OnCollisionEnter(Collision) (at Assets/_SCRIPTS/Car.cs:189)

Log
Exit: track
UnityEngine.Debug:Log(Object)
Car:OnCollisionExit(Collision) (at Assets/_SCRIPTS/Car.cs:197)

Log
track
UnityEngine.Debug:Log(Object)
Car:OnCollisionEnter(Collision) (at Assets/_SCRIPTS/Car.cs:189)

Log
Exit: track
UnityEngine.Debug:Log(Object)
Car:OnCollisionExit(Collision) (at Assets/_SCRIPTS/Car.cs:197)

Log
track
UnityEngine.Debug:Log(Object)
Car:OnCollisionEnter(Collision) (at Assets/_SCRIPTS/Car.cs:189)

Log
Exit: track
UnityEngine.Debug:Log(Object)
Car:OnCollisionExit(Collision) (at Assets/_SCRIPTS/Car.cs:197)

Log
track
UnityEngine.Debug:Log(Object)
Car:OnCollisionEnter(Collision) (at Assets/_SCRIPTS/Car.cs:189)

Log
Exit: track
UnityEngine.Debug:Log(Object)
Car:OnCollisionExit(Collision) (at Assets/_SCRIPTS/Car.cs:197)

Log
track
UnityEngine.Debug:Log(Object)
Car:OnCollisionEnter(Collision) (at Assets/_SCRIPTS/Car.cs:189)

Log
Exit: track
UnityEngine.Debug:Log(Object)
Car:OnCollisionExit(Collision) (at Assets/_SCRIPTS/Car.cs:197)

Log
track
UnityEngine.Debug:Log(Object)
Car:OnCollisionEnter(Collision) (at Assets/_SCRIPTS/Car.cs:189)

Log
Exit: track
UnityEngine.Debug:Log(Object)
Car:OnCollisionExit(Collision) (at Assets/_SCRIPTS/Car.cs:197)

Log
track
UnityEngine.Debug:Log(Object)
Car:OnCollisionEnter(Collision) (at Assets/_SCRIPTS/Car.cs:189)

Log
Exit: track
UnityEngine.Debug:Log(Object)
Car:OnCollisionExit(Collision) (at Assets/_SCRIPTS/Car.cs:197)

Log
track
UnityEngine.Debug:Log(Object)
Car:OnCollisionEnter(Collision) (at Assets/_SCRIPTS/Car.cs:189)

Log
Exit: track
UnityEngine.Debug:Log(Object)
Car:OnCollisionExit(Collision) (at Assets/_SCRIPTS/Car.cs:197)

Log
track
UnityEngine.Debug:Log(Object)
Car:OnCollisionEnter(Collision) (at Assets/_SCRIPTS/Car.cs:189)

Log
Exit: track
UnityEngine.Debug:Log(Object)
Car:OnCollisionExit(Collision) (at Assets/_SCRIPTS/Car.cs:197)

Log
track
UnityEngine.Debug:Log(Object)
Car:OnCollisionEnter(Collision) (at Assets/_SCRIPTS/Car.cs:189)

Log
Exit: track
UnityEngine.Debug:Log(Object)
Car:OnCollisionExit(Collision) (at Assets/_SCRIPTS/Car.cs:197)

Log
track
UnityEngine.Debug:Log(Object)
Car:OnCollisionEnter(Collision) (at Assets/_SCRIPTS/Car.cs:189)

Log
Exit: track
UnityEngine.Debug:Log(Object)
Car:OnCollisionExit(Collision) (at Assets/_SCRIPTS/Car.cs:197)

Log
track
UnityEngine.Debug:Log(Object)
Car:OnCollisionEnter(Collision) (at Assets/_SCRIPTS/Car.cs:189)

Log
Exit: track
UnityEngine.Debug:Log(Object)
Car:OnCollisionExit(Collision) (at Assets/_SCRIPTS/Car.cs:197)

Log
track
UnityEngine.Debug:Log(Object)
Car:OnCollisionEnter(Collision) (at Assets/_SCRIPTS/Car.cs:189)

Log
Exit: track
UnityEngine.Debug:Log(Object)
Car:OnCollisionExit(Collision) (at Assets/_SCRIPTS/Car.cs:197)

Log
track
UnityEngine.Debug:Log(Object)
Car:OnCollisionEnter(Collision) (at Assets/_SCRIPTS/Car.cs:189)

Log
Exit: track
UnityEngine.Debug:Log(Object)
Car:OnCollisionExit(Collision) (at Assets/_SCRIPTS/Car.cs:197)

Log
track
UnityEngine.Debug:Log(Object)
Car:OnCollisionEnter(Collision) (at Assets/_SCRIPTS/Car.cs:189)

Log
Exit: track
UnityEngine.Debug:Log(Object)
Car:OnCollisionExit(Collision) (at Assets/_SCRIPTS/Car.cs:197)

Log
track
UnityEngine.Debug:Log(Object)
Car:OnCollisionEnter(Collision) (at Assets/_SCRIPTS/Car.cs:189)

Log
Exit: track
UnityEngine.Debug:Log(Object)
Car:OnCollisionExit(Collision) (at Assets/_SCRIPTS/Car.cs:197)

Log
track
UnityEngine.Debug:Log(Object)
Car:OnCollisionEnter(Collision) (at Assets/_SCRIPTS/Car.cs:189)

Log
Exit: track
UnityEngine.Debug:Log(Object)
Car:OnCollisionExit(Collision) (at Assets/_SCRIPTS/Car.cs:197)

Log
track
UnityEngine.Debug:Log(Object)
Car:OnCollisionEnter(Collision) (at Assets/_SCRIPTS/Car.cs:189)

Log
Exit: track
UnityEngine.Debug:Log(Object)
Car:OnCollisionExit(Collision) (at Assets/_SCRIPTS/Car.cs:197)

Log
track
UnityEngine.Debug:Log(Object)
Car:OnCollisionEnter(Collision) (at Assets/_SCRIPTS/Car.cs:189)

Log
Exit: track
UnityEngine.Debug:Log(Object)
Car:OnCollisionExit(Collision) (at Assets/_SCRIPTS/Car.cs:197)

Log
track
UnityEngine.Debug:Log(Object)
Car:OnCollisionEnter(Collision) (at Assets/_SCRIPTS/Car.cs:189)

Log
Exit: track
UnityEngine.Debug:Log(Object)
Car:OnCollisionExit(Collision) (at Assets/_SCRIPTS/Car.cs:197)

Log
track
UnityEngine.Debug:Log(Object)
Car:OnCollisionEnter(Collision) (at Assets/_SCRIPTS/Car.cs:189)

Log
Exit: track
UnityEngine.Debug:Log(Object)
Car:OnCollisionExit(Collision) (at Assets/_SCRIPTS/Car.cs:197)

Log
track
UnityEngine.Debug:Log(Object)
Car:OnCollisionEnter(Collision) (at Assets/_SCRIPTS/Car.cs:189)

Log
Exit: track
UnityEngine.Debug:Log(Object)
Car:OnCollisionExit(Collision) (at Assets/_SCRIPTS/Car.cs:197)

Log
track
UnityEngine.Debug:Log(Object)
Car:OnCollisionEnter(Collision) (at Assets/_SCRIPTS/Car.cs:189)

Log
Exit: track
UnityEngine.Debug:Log(Object)
Car:OnCollisionExit(Collision) (at Assets/_SCRIPTS/Car.cs:197)

Log
track
UnityEngine.Debug:Log(Object)
Car:OnCollisionEnter(Collision) (at Assets/_SCRIPTS/Car.cs:189)

Log
Exit: track
UnityEngine.Debug:Log(Object)
Car:OnCollisionExit(Collision) (at Assets/_SCRIPTS/Car.cs:197)

Log
track
UnityEngine.Debug:Log(Object)
Car:OnCollisionEnter(Collision) (at Assets/_SCRIPTS/Car.cs:189)

Log
Exit: track
UnityEngine.Debug:Log(Object)
Car:OnCollisionExit(Collision) (at Assets/_SCRIPTS/Car.cs:197)

Log
track
UnityEngine.Debug:Log(Object)
Car:OnCollisionEnter(Collision) (at Assets/_SCRIPTS/Car.cs:189)

Log
Exit: track
UnityEngine.Debug:Log(Object)
Car:OnCollisionExit(Collision) (at Assets/_SCRIPTS/Car.cs:197)

Log
track
UnityEngine.Debug:Log(Object)
Car:OnCollisionEnter(Collision) (at Assets/_SCRIPTS/Car.cs:189)

Log
Exit: track
UnityEngine.Debug:Log(Object)
Car:OnCollisionExit(Collision) (at Assets/_SCRIPTS/Car.cs:197)

